<?xml version="1.0" encoding="UTF-8"?>
<testng-results skipped="0" failed="0" ignored="0" total="3" passed="3">
  <reporter-output>
  </reporter-output>
  <suite name="Default suite" duration-ms="82" started-at="2021-07-31T08:11:28Z" finished-at="2021-07-31T08:11:28Z">
    <groups>
      <group name="checkintest">
        <method signature="Hello.testMethod1()[pri:0, instance:Testng.Hello@1593948d]" name="testMethod1" class="Testng.Hello"/>
        <method signature="Hello.testMethod2()[pri:0, instance:Testng.Hello@1593948d]" name="testMethod2" class="Testng.Hello"/>
      </group> <!-- checkintest -->
      <group name="functest">
        <method signature="Hello.testMethod1()[pri:0, instance:Testng.Hello@1593948d]" name="testMethod1" class="Testng.Hello"/>
        <method signature="Hello.testMethod2()[pri:0, instance:Testng.Hello@1593948d]" name="testMethod2" class="Testng.Hello"/>
        <method signature="Hello.testMethod3()[pri:0, instance:Testng.Hello@1593948d]" name="testMethod3" class="Testng.Hello"/>
      </group> <!-- functest -->
    </groups>
    <test name="Default test" duration-ms="82" started-at="2021-07-31T08:11:28Z" finished-at="2021-07-31T08:11:28Z">
      <class name="Testng.Hello">
        <test-method status="PASS" signature="testMethod1()[pri:0, instance:Testng.Hello@1593948d]" name="testMethod1" duration-ms="18" started-at="2021-07-31T08:11:28Z" finished-at="2021-07-31T08:11:28Z">
          <reporter-output>
          </reporter-output>
        </test-method> <!-- testMethod1 -->
        <test-method status="PASS" signature="testMethod2()[pri:0, instance:Testng.Hello@1593948d]" name="testMethod2" duration-ms="3" started-at="2021-07-31T08:11:28Z" finished-at="2021-07-31T08:11:28Z">
          <reporter-output>
          </reporter-output>
        </test-method> <!-- testMethod2 -->
        <test-method status="PASS" signature="testMethod3()[pri:0, instance:Testng.Hello@1593948d]" name="testMethod3" duration-ms="1" started-at="2021-07-31T08:11:28Z" finished-at="2021-07-31T08:11:28Z">
          <reporter-output>
          </reporter-output>
        </test-method> <!-- testMethod3 -->
      </class> <!-- Testng.Hello -->
    </test> <!-- Default test -->
  </suite> <!-- Default suite -->
</testng-results>
